[14:29:02] [ServerMain/INFO]: Environment: Environment[sessionHost=https://sessionserver.mojang.com, servicesHost=https://api.minecraftservices.com, name=PROD]
[14:29:04] [ServerMain/INFO]: Loaded 1373 recipes
[14:29:04] [ServerMain/INFO]: Loaded 1484 advancements
[14:29:04] [Server thread/INFO]: Starting minecraft server version 1.21.5
[14:29:04] [Server thread/INFO]: Loading properties
[14:29:04] [Server thread/INFO]: Default game type: SURVIVAL
[14:29:04] [Server thread/INFO]: Generating keypair
[14:29:04] [Server thread/INFO]: Starting Minecraft server on *:25565
[14:29:04] [Server thread/INFO]: Using default channel type
[14:29:04] [Server thread/WARN]: **** SERVER IS RUNNING IN OFFLINE/INSECURE MODE!
[14:29:04] [Server thread/WARN]: The server will make no attempt to authenticate usernames. Beware.
[14:29:04] [Server thread/WARN]: While this makes the game possible to play without internet access, it also opens up the ability for hackers to connect with any username they choose.
[14:29:04] [Server thread/WARN]: To change this, set "online-mode" to "true" in the server.properties file.
[14:29:04] [Server thread/INFO]: Preparing level "world"
[14:29:04] [Server thread/INFO]: Preparing start region for dimension minecraft:overworld
[14:29:06] [Worker-Main-1/INFO]: Preparing spawn area: 0%
[14:29:06] [Worker-Main-1/INFO]: Preparing spawn area: 0%
[14:29:06] [Worker-Main-1/INFO]: Preparing spawn area: 0%
[14:29:06] [Server thread/INFO]: Time elapsed: 1215 ms
[14:29:06] [Server thread/INFO]: Done (1.495s)! For help, type "help"
[14:30:06] [Server thread/INFO]: Server empty for 60 seconds, pausing
[14:42:14] [Server thread/INFO]: NiKCamii[/192.168.68.111:60144] logged in with entity id 13 at (89.5, 63.0, -58.5)
[14:42:14] [Server thread/INFO]: NiKCamii joined the game
[14:43:05] [Server thread/INFO]: NiKCamii lost connection: Disconnected
[14:43:05] [Server thread/INFO]: NiKCamii left the game
